<?xml version="1.0" encoding="UTF-8"?>
<!-- Generated by org.testng.reporters.JUnitReportReporter -->
<testsuite skipped="0" hostname="SOYEBs-MacBook-Air.local" name="Adda.testNg.testNG.day4" tests="2" failures="0" timestamp="02 Sep 2020 17:14:35 GMT" time="0.005" errors="0">
  <testcase name="plan4" time="0.002" classname="Adda.testNg.testNG.day4"/>
  <testcase name="plan5" time="0.003" classname="Adda.testNg.testNG.day4"/>
</testsuite> <!-- Adda.testNg.testNG.day4 -->
