<?xml version="1.0" encoding="UTF-8"?>
<!-- Generated by org.testng.reporters.JUnitReportReporter -->
<testsuite skipped="0" hostname="SOYEBs-MacBook-Air.local" name="Adda.testNg.testNG.day1" tests="2" failures="0" timestamp="02 Sep 2020 17:14:35 GMT" time="0.047" errors="0">
  <testcase name="plan" time="0.043" classname="Adda.testNg.testNG.day1"/>
  <testcase name="plan2" time="0.004" classname="Adda.testNg.testNG.day1"/>
</testsuite> <!-- Adda.testNg.testNG.day1 -->
