<?xml version="1.0" encoding="UTF-8"?>
<!-- Generated by org.testng.reporters.JUnitReportReporter -->
<testsuite skipped="2" hostname="SOYEBs-MacBook-Air.local" name="com.restAssured.write.SimpleAPIWrites" tests="3" failures="0" timestamp="02 Sep 2020 16:22:58 GMT" time="1.560" errors="0">
  <testcase name="patchTitle" time="1.560" classname="com.restAssured.write.SimpleAPIWrites"/>
  <testcase name="simpleDelete" classname="com.restAssured.write.SimpleAPIWrites">
    <skipped/>
  </testcase> <!-- simpleDelete -->
  <testcase name="simpleWrite" classname="com.restAssured.write.SimpleAPIWrites">
    <skipped/>
  </testcase> <!-- simpleWrite -->
</testsuite> <!-- com.restAssured.write.SimpleAPIWrites -->
