<?xml version="1.0" encoding="UTF-8"?>
<!-- Generated by org.testng.reporters.JUnitReportReporter -->
<testsuite skipped="2" hostname="SOYEBs-MacBook-Air.local" name="com.careerhack.write.SimpleAPIWrites" tests="3" failures="0" timestamp="02 Sep 2020 16:13:14 GMT" time="3.580" errors="0">
  <testcase name="patchTitle" time="3.580" classname="com.careerhack.write.SimpleAPIWrites"/>
  <testcase name="simpleWrite" classname="com.careerhack.write.SimpleAPIWrites">
    <skipped/>
  </testcase> <!-- simpleWrite -->
  <testcase name="simpleDelete" classname="com.careerhack.write.SimpleAPIWrites">
    <skipped/>
  </testcase> <!-- simpleDelete -->
</testsuite> <!-- com.careerhack.write.SimpleAPIWrites -->
