<?xml version="1.0" encoding="UTF-8"?>
<!-- Generated by org.testng.reporters.JUnitReportReporter -->
<testsuite skipped="0" hostname="SOYEBs-MacBook-Air.local" name="Adda.testNg.testNG.day2" tests="1" failures="0" timestamp="02 Sep 2020 17:14:35 GMT" time="0.004" errors="0">
  <testcase name="plan3" time="0.004" classname="Adda.testNg.testNG.day2"/>
</testsuite> <!-- Adda.testNg.testNG.day2 -->
